SF:lib/src/models/car_model.dart
DA:10,4
DA:20,2
DA:21,2
DA:22,2
DA:23,2
DA:24,2
DA:25,2
DA:26,2
DA:27,2
DA:28,4
DA:32,2
DA:33,1
DA:34,1
DA:35,1
DA:36,1
DA:37,1
DA:38,1
DA:39,1
LF:18
LH:18
end_of_record
SF:lib/src/models/lead_model.dart
DA:7,3
DA:13,2
DA:14,2
DA:15,2
DA:16,2
DA:17,2
DA:18,2
DA:22,1
DA:23,1
DA:24,1
DA:25,1
DA:26,1
DA:27,1
LF:13
LH:13
end_of_record
SF:lib/src/utils/loggy/types.dart
DA:4,0
DA:6,0
DA:10,1
DA:12,4
DA:16,1
DA:18,4
LF:6
LH:4
end_of_record
SF:lib/src/network/api_client.dart
DA:8,1
DA:10,1
DA:12,2
DA:13,2
DA:14,2
DA:16,1
DA:17,2
DA:18,1
DA:21,0
DA:22,0
DA:24,1
DA:25,4
DA:26,4
DA:30,0
DA:31,0
DA:34,0
DA:38,0
DA:40,0
DA:41,0
LF:19
LH:11
end_of_record
SF:lib/src/repository/car_repository.dart
DA:14,1
DA:17,1
DA:18,1
DA:20,1
DA:21,3
DA:23,3
DA:24,1
DA:28,0
DA:29,0
DA:32,1
DA:37,1
DA:38,1
DA:40,1
DA:45,1
DA:47,4
DA:49,0
DA:54,0
DA:55,0
DA:56,0
DA:59,0
DA:62,0
DA:63,0
DA:67,0
DA:68,0
DA:69,0
DA:71,0
DA:73,0
LF:27
LH:13
end_of_record
SF:lib/src/database/app_database.dart
DA:5,0
DA:6,0
DA:10,0
DA:14,0
DA:16,0
DA:19,0
DA:21,0
LF:7
LH:0
end_of_record
SF:lib/src/bloc/car_bloc.dart
DA:12,3
DA:13,2
DA:14,2
DA:17,1
DA:18,2
DA:20,2
DA:21,4
DA:22,2
DA:24,3
DA:25,3
DA:29,1
DA:30,2
DA:32,1
DA:33,1
DA:34,1
DA:35,1
DA:36,1
DA:39,2
DA:40,2
DA:41,1
DA:42,1
DA:43,1
DA:44,1
DA:47,0
DA:48,0
DA:50,0
DA:51,0
DA:53,0
DA:54,0
DA:56,3
DA:57,1
DA:58,1
DA:59,1
DA:61,2
LF:34
LH:28
end_of_record
SF:lib/src/bloc/car_event.dart
DA:11,1
LF:1
LH:1
end_of_record
SF:lib/src/bloc/car_state.dart
DA:12,1
DA:18,1
DA:24,0
DA:30,1
LF:4
LH:3
end_of_record
